<?xml version="1.0" encoding="UTF-8"?>
<!-- Generated by org.testng.reporters.JUnitXMLReporter -->
<testsuite ignored="0" hostname="rihams-MBP" failures="0" tests="1" name="Default test" time="0.088" errors="0" timestamp="2022-09-27T14:52:12 EET">
  <testcase classname="base.BaseTests" name="@BeforeClass setUp" time="-1.664283132783E9">
    <failure type="org.testng.TestNGException" message="
Parameter &amp;apos;browserName&amp;apos; is required by BeforeClass on method setUp but has not been marked @Optional or defined
in /private/var/folders/j2/7w8bnvl92b16_3929dxlzh7r0000gn/T/testng-eclipse-1691498208/testng-customsuite.xml">
      <![CDATA[org.testng.TestNGException: 
Parameter 'browserName' is required by BeforeClass on method setUp but has not been marked @Optional or defined
in /private/var/folders/j2/7w8bnvl92b16_3929dxlzh7r0000gn/T/testng-eclipse-1691498208/testng-customsuite.xml
at org.testng.internal.Parameters.createParams(Parameters.java:270)
at org.testng.internal.Parameters.createParametersForMethod(Parameters.java:358)
at org.testng.internal.Parameters.createParameters(Parameters.java:700)
at org.testng.internal.Parameters.createConfigurationParameters(Parameters.java:168)
at org.testng.internal.ConfigInvoker.invokeConfigurations(ConfigInvoker.java:302)
at org.testng.internal.TestMethodWorker.invokeBeforeClassMethods(TestMethodWorker.java:176)
at org.testng.internal.TestMethodWorker.run(TestMethodWorker.java:122)
at java.base/java.util.ArrayList.forEach(ArrayList.java:1511)
at org.testng.TestRunner.privateRun(TestRunner.java:794)
at org.testng.TestRunner.run(TestRunner.java:596)
at org.testng.SuiteRunner.runTest(SuiteRunner.java:377)
at org.testng.SuiteRunner.runSequentially(SuiteRunner.java:371)
at org.testng.SuiteRunner.privateRun(SuiteRunner.java:332)
at org.testng.SuiteRunner.run(SuiteRunner.java:276)
at org.testng.SuiteRunnerWorker.runSuite(SuiteRunnerWorker.java:53)
at org.testng.SuiteRunnerWorker.run(SuiteRunnerWorker.java:96)
at org.testng.TestNG.runSuitesSequentially(TestNG.java:1212)
at org.testng.TestNG.runSuitesLocally(TestNG.java:1134)
at org.testng.TestNG.runSuites(TestNG.java:1063)
at org.testng.TestNG.run(TestNG.java:1031)
at org.testng.remote.AbstractRemoteTestNG.run(AbstractRemoteTestNG.java:115)
at org.testng.remote.RemoteTestNG.initAndRun(RemoteTestNG.java:251)
at org.testng.remote.RemoteTestNG.main(RemoteTestNG.java:77)
]]>
    </failure>
  </testcase> <!-- @BeforeClass setUp -->
  <testcase classname="base.BaseTests" name="@BeforeMethod goHome" time="-1.664283132824E9">
    <skipped/>
  </testcase> <!-- @BeforeMethod goHome -->
  <testcase classname="base.BaseTests" name="@AfterMethod recordFailure" time="-1.664283132835E9">
    <skipped/>
  </testcase> <!-- @AfterMethod recordFailure -->
  <testcase classname="base.BaseTests" name="@AfterMethod tearDown" time="-1.664283132837E9">
    <skipped/>
  </testcase> <!-- @AfterMethod tearDown -->
  <testcase classname="base.BaseTests" name="@AfterClass tearDown" time="-1.66428313284E9">
    <skipped/>
  </testcase> <!-- @AfterClass tearDown -->
  <testcase classname="Musala_Careers.Musala_Careers_Test" name="testCareersPage" time="0.0">
    <skipped/>
  </testcase> <!-- testCareersPage -->
</testsuite> <!-- Default test -->
